<?xml version="1.0" encoding="UTF-8"?>
<testng-results skipped="0" failed="0" ignored="0" total="2" passed="2">
  <reporter-output>
    <line>
      <![CDATA[Setting up reports and Test is getting ready]]>
    </line>
    <line>
      <![CDATA[Setting done, test can be started]]>
    </line>
    <line>
      <![CDATA[Browser and application is up and running]]>
    </line>
    <line>
      <![CDATA[Test is about to end]]>
    </line>
    <line>
      <![CDATA[Test completed >>> Report generated]]>
    </line>
    <line>
      <![CDATA[Test is about to end]]>
    </line>
    <line>
      <![CDATA[Test completed >>> Report generated]]>
    </line>
  </reporter-output>
  <suite name="Suite" duration-ms="36053" started-at="2023-01-20T14:49:00Z" finished-at="2023-01-20T14:49:36Z">
    <groups>
    </groups>
    <test name="Test" duration-ms="36053" started-at="2023-01-20T14:49:00Z" finished-at="2023-01-20T14:49:36Z">
      <class name="com.learnautomation.testcases.LoginTestCRM">
        <test-method status="PASS" signature="setUpSuite()[pri:0, instance:com.learnautomation.testcases.LoginTestCRM@29ee9faa]" name="setUpSuite" is-config="true" duration-ms="1081" started-at="2023-01-20T20:18:59Z" finished-at="2023-01-20T20:19:00Z">
          <reporter-output>
            <line>
              <![CDATA[Setting up reports and Test is getting ready]]>
            </line>
            <line>
              <![CDATA[Setting done, test can be started]]>
            </line>
          </reporter-output>
        </test-method> <!-- setUpSuite -->
        <test-method status="PASS" signature="setup()[pri:0, instance:com.learnautomation.testcases.LoginTestCRM@29ee9faa]" name="setup" is-config="true" duration-ms="16204" started-at="2023-01-20T20:19:00Z" finished-at="2023-01-20T20:19:16Z">
          <reporter-output>
            <line>
              <![CDATA[Browser and application is up and running]]>
            </line>
          </reporter-output>
        </test-method> <!-- setup -->
        <test-method status="PASS" signature="loginApp()[pri:1, instance:com.learnautomation.testcases.LoginTestCRM@29ee9faa]" name="loginApp" duration-ms="16860" started-at="2023-01-20T20:19:16Z" finished-at="2023-01-20T20:19:33Z">
          <reporter-output>
          </reporter-output>
        </test-method> <!-- loginApp -->
        <test-method status="PASS" signature="tearDownMethod(org.testng.ITestResult)[pri:0, instance:com.learnautomation.testcases.LoginTestCRM@29ee9faa]" name="tearDownMethod" is-config="true" duration-ms="753" started-at="2023-01-20T20:19:33Z" finished-at="2023-01-20T20:19:34Z">
          <params>
            <param index="0">
              <value>
                <![CDATA[[TestResult name=loginApp status=SUCCESS method=LoginTestCRM.loginApp()[pri:1, instance:com.learnautomation.testcases.LoginTestCRM@29ee9faa] output={null}]]]>
              </value>
            </param>
          </params>
          <reporter-output>
            <line>
              <![CDATA[Test is about to end]]>
            </line>
            <line>
              <![CDATA[Test completed >>> Report generated]]>
            </line>
          </reporter-output>
        </test-method> <!-- tearDownMethod -->
        <test-method status="PASS" signature="logoutApp()[pri:2, instance:com.learnautomation.testcases.LoginTestCRM@29ee9faa]" name="logoutApp" duration-ms="2" started-at="2023-01-20T20:19:34Z" finished-at="2023-01-20T20:19:34Z">
          <reporter-output>
          </reporter-output>
        </test-method> <!-- logoutApp -->
        <test-method status="PASS" signature="tearDownMethod(org.testng.ITestResult)[pri:0, instance:com.learnautomation.testcases.LoginTestCRM@29ee9faa]" name="tearDownMethod" is-config="true" duration-ms="210" started-at="2023-01-20T20:19:34Z" finished-at="2023-01-20T20:19:34Z">
          <params>
            <param index="0">
              <value>
                <![CDATA[[TestResult name=logoutApp status=SUCCESS method=LoginTestCRM.logoutApp()[pri:2, instance:com.learnautomation.testcases.LoginTestCRM@29ee9faa] output={null}]]]>
              </value>
            </param>
          </params>
          <reporter-output>
            <line>
              <![CDATA[Test is about to end]]>
            </line>
            <line>
              <![CDATA[Test completed >>> Report generated]]>
            </line>
          </reporter-output>
        </test-method> <!-- tearDownMethod -->
        <test-method status="PASS" signature="tearDown()[pri:0, instance:com.learnautomation.testcases.LoginTestCRM@29ee9faa]" name="tearDown" is-config="true" duration-ms="1977" started-at="2023-01-20T20:19:34Z" finished-at="2023-01-20T20:19:36Z">
          <reporter-output>
          </reporter-output>
        </test-method> <!-- tearDown -->
      </class> <!-- com.learnautomation.testcases.LoginTestCRM -->
    </test> <!-- Test -->
  </suite> <!-- Suite -->
</testng-results>
